<?xml version="1.0" encoding="UTF-8"?>
<testng-results skipped="0" failed="1" ignored="0" total="12" passed="11">
  <reporter-output>
  </reporter-output>
  <suite name="Command line suite" duration-ms="904117" started-at="2018-12-11T11:55:00Z" finished-at="2018-12-11T12:10:04Z">
    <groups>
    </groups>
    <test name="Command line test" duration-ms="904117" started-at="2018-12-11T11:55:00Z" finished-at="2018-12-11T12:10:04Z">
      <class name="com.crm.qa.testcases.HomePageTest">
        <test-method status="PASS" signature="setUp()[pri:0, instance:com.crm.qa.testcases.HomePageTest@2ef9b8bc]" name="setUp" is-config="true" duration-ms="44484" started-at="2018-12-11T17:27:38Z" finished-at="2018-12-11T17:28:23Z">
          <reporter-output>
          </reporter-output>
        </test-method> <!-- setUp -->
        <test-method status="PASS" signature="verifyHomePageTitleTest()[pri:1, instance:com.crm.qa.testcases.HomePageTest@2ef9b8bc]" name="verifyHomePageTitleTest" duration-ms="11" started-at="2018-12-11T17:28:23Z" finished-at="2018-12-11T17:28:23Z">
          <reporter-output>
          </reporter-output>
        </test-method> <!-- verifyHomePageTitleTest -->
        <test-method status="PASS" signature="tearDown()[pri:0, instance:com.crm.qa.testcases.HomePageTest@2ef9b8bc]" name="tearDown" is-config="true" duration-ms="1071" started-at="2018-12-11T17:28:23Z" finished-at="2018-12-11T17:28:24Z">
          <reporter-output>
          </reporter-output>
        </test-method> <!-- tearDown -->
        <test-method status="PASS" signature="setUp()[pri:0, instance:com.crm.qa.testcases.HomePageTest@2ef9b8bc]" name="setUp" is-config="true" duration-ms="59068" started-at="2018-12-11T17:30:25Z" finished-at="2018-12-11T17:31:24Z">
          <reporter-output>
          </reporter-output>
        </test-method> <!-- setUp -->
        <test-method status="PASS" signature="verifyUserNameTest()[pri:2, instance:com.crm.qa.testcases.HomePageTest@2ef9b8bc]" name="verifyUserNameTest" duration-ms="468" started-at="2018-12-11T17:31:24Z" finished-at="2018-12-11T17:31:25Z">
          <reporter-output>
          </reporter-output>
        </test-method> <!-- verifyUserNameTest -->
        <test-method status="PASS" signature="tearDown()[pri:0, instance:com.crm.qa.testcases.HomePageTest@2ef9b8bc]" name="tearDown" is-config="true" duration-ms="4457" started-at="2018-12-11T17:31:25Z" finished-at="2018-12-11T17:31:29Z">
          <reporter-output>
          </reporter-output>
        </test-method> <!-- tearDown -->
        <test-method status="PASS" signature="setUp()[pri:0, instance:com.crm.qa.testcases.HomePageTest@2ef9b8bc]" name="setUp" is-config="true" duration-ms="58205" started-at="2018-12-11T17:33:13Z" finished-at="2018-12-11T17:34:11Z">
          <reporter-output>
          </reporter-output>
        </test-method> <!-- setUp -->
        <test-method status="PASS" signature="verifyContactsLinkTest()[pri:3, instance:com.crm.qa.testcases.HomePageTest@2ef9b8bc]" name="verifyContactsLinkTest" duration-ms="4384" started-at="2018-12-11T17:34:11Z" finished-at="2018-12-11T17:34:15Z">
          <reporter-output>
          </reporter-output>
        </test-method> <!-- verifyContactsLinkTest -->
        <test-method status="PASS" signature="tearDown()[pri:0, instance:com.crm.qa.testcases.HomePageTest@2ef9b8bc]" name="tearDown" is-config="true" duration-ms="989" started-at="2018-12-11T17:34:15Z" finished-at="2018-12-11T17:34:16Z">
          <reporter-output>
          </reporter-output>
        </test-method> <!-- tearDown -->
      </class> <!-- com.crm.qa.testcases.HomePageTest -->
      <class name="com.crm.qa.testcases.ContactsPageTest">
        <test-method status="PASS" signature="setUp()[pri:0, instance:com.crm.qa.testcases.ContactsPageTest@5315b42e]" name="setUp" is-config="true" duration-ms="157025" started-at="2018-12-11T17:25:00Z" finished-at="2018-12-11T17:27:37Z">
          <reporter-output>
          </reporter-output>
        </test-method> <!-- setUp -->
        <test-method status="PASS" signature="verifyContactsPageLabelTest()[pri:1, instance:com.crm.qa.testcases.ContactsPageTest@5315b42e]" name="verifyContactsPageLabelTest" duration-ms="63" started-at="2018-12-11T17:27:37Z" finished-at="2018-12-11T17:27:37Z">
          <reporter-output>
          </reporter-output>
        </test-method> <!-- verifyContactsPageLabelTest -->
        <test-method status="PASS" signature="tearDown()[pri:0, instance:com.crm.qa.testcases.ContactsPageTest@5315b42e]" name="tearDown" is-config="true" duration-ms="1078" started-at="2018-12-11T17:27:37Z" finished-at="2018-12-11T17:27:38Z">
          <reporter-output>
          </reporter-output>
        </test-method> <!-- tearDown -->
        <test-method status="PASS" signature="setUp()[pri:0, instance:com.crm.qa.testcases.ContactsPageTest@5315b42e]" name="setUp" is-config="true" duration-ms="82402" started-at="2018-12-11T17:28:55Z" finished-at="2018-12-11T17:30:17Z">
          <reporter-output>
          </reporter-output>
        </test-method> <!-- setUp -->
        <test-method status="PASS" signature="selectContactsTest()[pri:2, instance:com.crm.qa.testcases.ContactsPageTest@5315b42e]" name="selectContactsTest" duration-ms="176" started-at="2018-12-11T17:30:17Z" finished-at="2018-12-11T17:30:17Z">
          <reporter-output>
          </reporter-output>
        </test-method> <!-- selectContactsTest -->
        <test-method status="PASS" signature="tearDown()[pri:0, instance:com.crm.qa.testcases.ContactsPageTest@5315b42e]" name="tearDown" is-config="true" duration-ms="7726" started-at="2018-12-11T17:30:17Z" finished-at="2018-12-11T17:30:25Z">
          <reporter-output>
          </reporter-output>
        </test-method> <!-- tearDown -->
        <test-method status="PASS" signature="setUp()[pri:0, instance:com.crm.qa.testcases.ContactsPageTest@5315b42e]" name="setUp" is-config="true" duration-ms="61912" started-at="2018-12-11T17:31:59Z" finished-at="2018-12-11T17:33:01Z">
          <reporter-output>
          </reporter-output>
        </test-method> <!-- setUp -->
        <test-method status="PASS" signature="selectMultipleContactsTest()[pri:3, instance:com.crm.qa.testcases.ContactsPageTest@5315b42e]" name="selectMultipleContactsTest" duration-ms="10621" started-at="2018-12-11T17:33:01Z" finished-at="2018-12-11T17:33:12Z">
          <reporter-output>
          </reporter-output>
        </test-method> <!-- selectMultipleContactsTest -->
        <test-method status="PASS" signature="tearDown()[pri:0, instance:com.crm.qa.testcases.ContactsPageTest@5315b42e]" name="tearDown" is-config="true" duration-ms="1101" started-at="2018-12-11T17:33:12Z" finished-at="2018-12-11T17:33:13Z">
          <reporter-output>
          </reporter-output>
        </test-method> <!-- tearDown -->
        <test-method status="PASS" signature="setUp()[pri:0, instance:com.crm.qa.testcases.ContactsPageTest@5315b42e]" name="setUp" is-config="true" duration-ms="61217" started-at="2018-12-11T17:35:23Z" finished-at="2018-12-11T17:36:24Z">
          <reporter-output>
          </reporter-output>
        </test-method> <!-- setUp -->
        <test-method status="PASS" signature="validateCreateNewContact(java.lang.String, java.lang.String, java.lang.String, java.lang.String)[pri:4, instance:com.crm.qa.testcases.ContactsPageTest@5315b42e]" name="validateCreateNewContact" duration-ms="29356" started-at="2018-12-11T17:36:24Z" data-provider="getCRMTestData" finished-at="2018-12-11T17:36:54Z">
          <params>
            <param index="0">
              <value>
                <![CDATA[Mr.]]>
              </value>
            </param>
            <param index="1">
              <value>
                <![CDATA[Tom]]>
              </value>
            </param>
            <param index="2">
              <value>
                <![CDATA[Peter]]>
              </value>
            </param>
            <param index="3">
              <value>
                <![CDATA[Google]]>
              </value>
            </param>
          </params>
          <reporter-output>
          </reporter-output>
        </test-method> <!-- validateCreateNewContact -->
        <test-method status="PASS" signature="tearDown()[pri:0, instance:com.crm.qa.testcases.ContactsPageTest@5315b42e]" name="tearDown" is-config="true" duration-ms="1097" started-at="2018-12-11T17:36:54Z" finished-at="2018-12-11T17:36:55Z">
          <reporter-output>
          </reporter-output>
        </test-method> <!-- tearDown -->
        <test-method status="PASS" signature="setUp()[pri:0, instance:com.crm.qa.testcases.ContactsPageTest@5315b42e]" name="setUp" is-config="true" duration-ms="44485" started-at="2018-12-11T17:36:55Z" finished-at="2018-12-11T17:37:39Z">
          <reporter-output>
          </reporter-output>
        </test-method> <!-- setUp -->
        <test-method status="FAIL" signature="validateCreateNewContact(java.lang.String, java.lang.String, java.lang.String, java.lang.String)[pri:4, instance:com.crm.qa.testcases.ContactsPageTest@5315b42e]" name="validateCreateNewContact" duration-ms="67336" started-at="2018-12-11T17:37:39Z" data-provider="getCRMTestData" finished-at="2018-12-11T17:38:47Z">
          <params>
            <param index="0">
              <value>
                <![CDATA[Dr. ]]>
              </value>
            </param>
            <param index="1">
              <value>
                <![CDATA[David]]>
              </value>
            </param>
            <param index="2">
              <value>
                <![CDATA[Billa]]>
              </value>
            </param>
            <param index="3">
              <value>
                <![CDATA[MS]]>
              </value>
            </param>
          </params>
          <exception class="org.openqa.selenium.NoSuchElementException">
            <message>
              <![CDATA[Cannot locate element with text: Dr. 
For documentation on this error, please visit: http://seleniumhq.org/exceptions/no_such_element.html
Build info: version: '3.14.0', revision: 'aacccce0', time: '2018-08-02T20:19:58.91Z'
System info: host: 'ADMIN', ip: '192.168.43.39', os.name: 'Windows 8.1', os.arch: 'amd64', os.version: '6.3', java.version: '1.8.0_131'
Driver info: driver.version: unknown]]>
            </message>
            <full-stacktrace>
              <![CDATA[org.openqa.selenium.NoSuchElementException: Cannot locate element with text: Dr. 
For documentation on this error, please visit: http://seleniumhq.org/exceptions/no_such_element.html
Build info: version: '3.14.0', revision: 'aacccce0', time: '2018-08-02T20:19:58.91Z'
System info: host: 'ADMIN', ip: '192.168.43.39', os.name: 'Windows 8.1', os.arch: 'amd64', os.version: '6.3', java.version: '1.8.0_131'
Driver info: driver.version: unknown
	at org.openqa.selenium.support.ui.Select.selectByVisibleText(Select.java:151)
	at com.crm.qa.pages.ContactsPage.crateNewContact(ContactsPage.java:48)
	at com.crm.qa.testcases.ContactsPageTest.validateCreateNewContact(ContactsPageTest.java:66)
	at sun.reflect.NativeMethodAccessorImpl.invoke0(Native Method)
	at sun.reflect.NativeMethodAccessorImpl.invoke(NativeMethodAccessorImpl.java:62)
	at sun.reflect.DelegatingMethodAccessorImpl.invoke(DelegatingMethodAccessorImpl.java:43)
	at java.lang.reflect.Method.invoke(Method.java:498)
	at org.testng.internal.MethodInvocationHelper.invokeMethod(MethodInvocationHelper.java:108)
	at org.testng.internal.Invoker.invokeMethod(Invoker.java:661)
	at org.testng.internal.Invoker.invokeTestMethod(Invoker.java:869)
	at org.testng.internal.Invoker.invokeTestMethods(Invoker.java:1193)
	at org.testng.internal.TestMethodWorker.invokeTestMethods(TestMethodWorker.java:126)
	at org.testng.internal.TestMethodWorker.run(TestMethodWorker.java:109)
	at org.testng.TestRunner.privateRun(TestRunner.java:744)
	at org.testng.TestRunner.run(TestRunner.java:602)
	at org.testng.SuiteRunner.runTest(SuiteRunner.java:380)
	at org.testng.SuiteRunner.runSequentially(SuiteRunner.java:375)
	at org.testng.SuiteRunner.privateRun(SuiteRunner.java:340)
	at org.testng.SuiteRunner.run(SuiteRunner.java:289)
	at org.testng.SuiteRunnerWorker.runSuite(SuiteRunnerWorker.java:52)
	at org.testng.SuiteRunnerWorker.run(SuiteRunnerWorker.java:86)
	at org.testng.TestNG.runSuitesSequentially(TestNG.java:1301)
	at org.testng.TestNG.runSuitesLocally(TestNG.java:1226)
	at org.testng.TestNG.runSuites(TestNG.java:1144)
	at org.testng.TestNG.run(TestNG.java:1115)
	at org.apache.maven.surefire.testng.TestNGExecutor.run(TestNGExecutor.java:77)
	at org.apache.maven.surefire.testng.TestNGDirectoryTestSuite.executeMulti(TestNGDirectoryTestSuite.java:159)
	at org.apache.maven.surefire.testng.TestNGDirectoryTestSuite.execute(TestNGDirectoryTestSuite.java:99)
	at org.apache.maven.surefire.testng.TestNGProvider.invoke(TestNGProvider.java:106)
	at sun.reflect.NativeMethodAccessorImpl.invoke0(Native Method)
	at sun.reflect.NativeMethodAccessorImpl.invoke(NativeMethodAccessorImpl.java:62)
	at sun.reflect.DelegatingMethodAccessorImpl.invoke(DelegatingMethodAccessorImpl.java:43)
	at java.lang.reflect.Method.invoke(Method.java:498)
	at org.apache.maven.surefire.util.ReflectionUtils.invokeMethodWithArray(ReflectionUtils.java:189)
	at org.apache.maven.surefire.booter.ProviderFactory$ProviderProxy.invoke(ProviderFactory.java:165)
	at org.apache.maven.surefire.booter.ProviderFactory.invokeProvider(ProviderFactory.java:85)
	at org.apache.maven.surefire.booter.ForkedBooter.runSuitesInProcess(ForkedBooter.java:115)
	at org.apache.maven.surefire.booter.ForkedBooter.main(ForkedBooter.java:75)
]]>
            </full-stacktrace>
          </exception> <!-- org.openqa.selenium.NoSuchElementException -->
          <reporter-output>
          </reporter-output>
        </test-method> <!-- validateCreateNewContact -->
        <test-method status="PASS" signature="tearDown()[pri:0, instance:com.crm.qa.testcases.ContactsPageTest@5315b42e]" name="tearDown" is-config="true" duration-ms="3900" started-at="2018-12-11T17:38:49Z" finished-at="2018-12-11T17:38:53Z">
          <reporter-output>
          </reporter-output>
        </test-method> <!-- tearDown -->
        <test-method status="PASS" signature="setUp()[pri:0, instance:com.crm.qa.testcases.ContactsPageTest@5315b42e]" name="setUp" is-config="true" duration-ms="55754" started-at="2018-12-11T17:38:53Z" finished-at="2018-12-11T17:39:48Z">
          <reporter-output>
          </reporter-output>
        </test-method> <!-- setUp -->
        <test-method status="PASS" signature="validateCreateNewContact(java.lang.String, java.lang.String, java.lang.String, java.lang.String)[pri:4, instance:com.crm.qa.testcases.ContactsPageTest@5315b42e]" name="validateCreateNewContact" duration-ms="13124" started-at="2018-12-11T17:39:48Z" data-provider="getCRMTestData" finished-at="2018-12-11T17:40:02Z">
          <params>
            <param index="0">
              <value>
                <![CDATA[Mrs.]]>
              </value>
            </param>
            <param index="1">
              <value>
                <![CDATA[Leela]]>
              </value>
            </param>
            <param index="2">
              <value>
                <![CDATA[Jeah]]>
              </value>
            </param>
            <param index="3">
              <value>
                <![CDATA[LM]]>
              </value>
            </param>
          </params>
          <reporter-output>
          </reporter-output>
        </test-method> <!-- validateCreateNewContact -->
        <test-method status="PASS" signature="tearDown()[pri:0, instance:com.crm.qa.testcases.ContactsPageTest@5315b42e]" name="tearDown" is-config="true" duration-ms="2233" started-at="2018-12-11T17:40:02Z" finished-at="2018-12-11T17:40:04Z">
          <reporter-output>
          </reporter-output>
        </test-method> <!-- tearDown -->
      </class> <!-- com.crm.qa.testcases.ContactsPageTest -->
      <class name="com.crm.qa.testcases.LoginPageTest">
        <test-method status="PASS" signature="setUp()[pri:0, instance:com.crm.qa.testcases.LoginPageTest@5d624da6]" name="setUp" is-config="true" duration-ms="24074" started-at="2018-12-11T17:28:24Z" finished-at="2018-12-11T17:28:48Z">
          <reporter-output>
          </reporter-output>
        </test-method> <!-- setUp -->
        <test-method status="PASS" signature="loginPageTitleTest()[pri:1, instance:com.crm.qa.testcases.LoginPageTest@5d624da6]" name="loginPageTitleTest" duration-ms="11" started-at="2018-12-11T17:28:48Z" finished-at="2018-12-11T17:28:48Z">
          <reporter-output>
          </reporter-output>
        </test-method> <!-- loginPageTitleTest -->
        <test-method status="PASS" signature="tearDown()[pri:0, instance:com.crm.qa.testcases.LoginPageTest@5d624da6]" name="tearDown" is-config="true" duration-ms="6733" started-at="2018-12-11T17:28:48Z" finished-at="2018-12-11T17:28:55Z">
          <reporter-output>
          </reporter-output>
        </test-method> <!-- tearDown -->
        <test-method status="PASS" signature="setUp()[pri:0, instance:com.crm.qa.testcases.LoginPageTest@5d624da6]" name="setUp" is-config="true" duration-ms="23619" started-at="2018-12-11T17:31:29Z" finished-at="2018-12-11T17:31:53Z">
          <reporter-output>
          </reporter-output>
        </test-method> <!-- setUp -->
        <test-method status="PASS" signature="crmLogoImageTest()[pri:2, instance:com.crm.qa.testcases.LoginPageTest@5d624da6]" name="crmLogoImageTest" duration-ms="2378" started-at="2018-12-11T17:31:53Z" finished-at="2018-12-11T17:31:55Z">
          <reporter-output>
          </reporter-output>
        </test-method> <!-- crmLogoImageTest -->
        <test-method status="PASS" signature="tearDown()[pri:0, instance:com.crm.qa.testcases.LoginPageTest@5d624da6]" name="tearDown" is-config="true" duration-ms="3997" started-at="2018-12-11T17:31:55Z" finished-at="2018-12-11T17:31:59Z">
          <reporter-output>
          </reporter-output>
        </test-method> <!-- tearDown -->
        <test-method status="PASS" signature="setUp()[pri:0, instance:com.crm.qa.testcases.LoginPageTest@5d624da6]" name="setUp" is-config="true" duration-ms="25383" started-at="2018-12-11T17:34:16Z" finished-at="2018-12-11T17:34:42Z">
          <reporter-output>
          </reporter-output>
        </test-method> <!-- setUp -->
        <test-method status="PASS" signature="loginTest()[pri:3, instance:com.crm.qa.testcases.LoginPageTest@5d624da6]" name="loginTest" duration-ms="35325" started-at="2018-12-11T17:34:42Z" finished-at="2018-12-11T17:35:17Z">
          <reporter-output>
          </reporter-output>
        </test-method> <!-- loginTest -->
        <test-method status="PASS" signature="tearDown()[pri:0, instance:com.crm.qa.testcases.LoginPageTest@5d624da6]" name="tearDown" is-config="true" duration-ms="1024" started-at="2018-12-11T17:35:17Z" finished-at="2018-12-11T17:35:18Z">
          <reporter-output>
          </reporter-output>
        </test-method> <!-- tearDown -->
      </class> <!-- com.crm.qa.testcases.LoginPageTest -->
    </test> <!-- Command line test -->
  </suite> <!-- Command line suite -->
</testng-results>
