<?xml version="1.0" encoding="UTF-8"?>
<testng-results skipped="0" failed="1" ignored="0" total="12" passed="11">
  <reporter-output>
  </reporter-output>
  <suite name="Free CRM Application Test Automation Test Suite" duration-ms="801599" started-at="2018-12-11T08:26:17Z" finished-at="2018-12-11T08:39:39Z">
    <groups>
    </groups>
    <test name="Free CRM App Test Cases" duration-ms="801599" started-at="2018-12-11T08:26:17Z" finished-at="2018-12-11T08:39:39Z">
      <class name="com.crm.qa.testcases.HomePageTest">
        <test-method status="PASS" signature="setUp()[pri:0, instance:com.crm.qa.testcases.HomePageTest@685cb137]" name="setUp" is-config="true" duration-ms="74660" started-at="2018-12-11T13:56:55Z" finished-at="2018-12-11T13:58:10Z">
          <reporter-output>
          </reporter-output>
        </test-method> <!-- setUp -->
        <test-method status="PASS" signature="verifyHomePageTitleTest()[pri:1, instance:com.crm.qa.testcases.HomePageTest@685cb137]" name="verifyHomePageTitleTest" duration-ms="11" started-at="2018-12-11T13:58:10Z" finished-at="2018-12-11T13:58:10Z">
          <reporter-output>
          </reporter-output>
        </test-method> <!-- verifyHomePageTitleTest -->
        <test-method status="PASS" signature="tearDown()[pri:0, instance:com.crm.qa.testcases.HomePageTest@685cb137]" name="tearDown" is-config="true" duration-ms="857" started-at="2018-12-11T13:58:10Z" finished-at="2018-12-11T13:58:11Z">
          <reporter-output>
          </reporter-output>
        </test-method> <!-- tearDown -->
        <test-method status="PASS" signature="setUp()[pri:0, instance:com.crm.qa.testcases.HomePageTest@685cb137]" name="setUp" is-config="true" duration-ms="42724" started-at="2018-12-11T13:59:42Z" finished-at="2018-12-11T14:00:25Z">
          <reporter-output>
          </reporter-output>
        </test-method> <!-- setUp -->
        <test-method status="PASS" signature="verifyUserNameTest()[pri:2, instance:com.crm.qa.testcases.HomePageTest@685cb137]" name="verifyUserNameTest" duration-ms="114" started-at="2018-12-11T14:00:25Z" finished-at="2018-12-11T14:00:25Z">
          <reporter-output>
          </reporter-output>
        </test-method> <!-- verifyUserNameTest -->
        <test-method status="PASS" signature="tearDown()[pri:0, instance:com.crm.qa.testcases.HomePageTest@685cb137]" name="tearDown" is-config="true" duration-ms="1077" started-at="2018-12-11T14:00:25Z" finished-at="2018-12-11T14:00:26Z">
          <reporter-output>
          </reporter-output>
        </test-method> <!-- tearDown -->
        <test-method status="PASS" signature="setUp()[pri:0, instance:com.crm.qa.testcases.HomePageTest@685cb137]" name="setUp" is-config="true" duration-ms="51548" started-at="2018-12-11T14:02:34Z" finished-at="2018-12-11T14:03:26Z">
          <reporter-output>
          </reporter-output>
        </test-method> <!-- setUp -->
        <test-method status="PASS" signature="verifyContactsLinkTest()[pri:3, instance:com.crm.qa.testcases.HomePageTest@685cb137]" name="verifyContactsLinkTest" duration-ms="4301" started-at="2018-12-11T14:03:26Z" finished-at="2018-12-11T14:03:30Z">
          <reporter-output>
          </reporter-output>
        </test-method> <!-- verifyContactsLinkTest -->
        <test-method status="PASS" signature="tearDown()[pri:0, instance:com.crm.qa.testcases.HomePageTest@685cb137]" name="tearDown" is-config="true" duration-ms="896" started-at="2018-12-11T14:03:30Z" finished-at="2018-12-11T14:03:31Z">
          <reporter-output>
          </reporter-output>
        </test-method> <!-- tearDown -->
      </class> <!-- com.crm.qa.testcases.HomePageTest -->
      <class name="com.crm.qa.testcases.ContactsPageTest">
        <test-method status="PASS" signature="setUp()[pri:0, instance:com.crm.qa.testcases.ContactsPageTest@6a41eaa2]" name="setUp" is-config="true" duration-ms="66172" started-at="2018-12-11T13:58:11Z" finished-at="2018-12-11T13:59:17Z">
          <reporter-output>
          </reporter-output>
        </test-method> <!-- setUp -->
        <test-method status="PASS" signature="verifyContactsPageLabelTest()[pri:1, instance:com.crm.qa.testcases.ContactsPageTest@6a41eaa2]" name="verifyContactsPageLabelTest" duration-ms="77" started-at="2018-12-11T13:59:17Z" finished-at="2018-12-11T13:59:17Z">
          <reporter-output>
          </reporter-output>
        </test-method> <!-- verifyContactsPageLabelTest -->
        <test-method status="PASS" signature="tearDown()[pri:0, instance:com.crm.qa.testcases.ContactsPageTest@6a41eaa2]" name="tearDown" is-config="true" duration-ms="962" started-at="2018-12-11T13:59:17Z" finished-at="2018-12-11T13:59:18Z">
          <reporter-output>
          </reporter-output>
        </test-method> <!-- tearDown -->
        <test-method status="PASS" signature="setUp()[pri:0, instance:com.crm.qa.testcases.ContactsPageTest@6a41eaa2]" name="setUp" is-config="true" duration-ms="66852" started-at="2018-12-11T14:00:26Z" finished-at="2018-12-11T14:01:33Z">
          <reporter-output>
          </reporter-output>
        </test-method> <!-- setUp -->
        <test-method status="PASS" signature="selectContactsTest()[pri:2, instance:com.crm.qa.testcases.ContactsPageTest@6a41eaa2]" name="selectContactsTest" duration-ms="156" started-at="2018-12-11T14:01:33Z" finished-at="2018-12-11T14:01:33Z">
          <reporter-output>
          </reporter-output>
        </test-method> <!-- selectContactsTest -->
        <test-method status="PASS" signature="tearDown()[pri:0, instance:com.crm.qa.testcases.ContactsPageTest@6a41eaa2]" name="tearDown" is-config="true" duration-ms="1017" started-at="2018-12-11T14:01:33Z" finished-at="2018-12-11T14:01:34Z">
          <reporter-output>
          </reporter-output>
        </test-method> <!-- tearDown -->
        <test-method status="PASS" signature="setUp()[pri:0, instance:com.crm.qa.testcases.ContactsPageTest@6a41eaa2]" name="setUp" is-config="true" duration-ms="48698" started-at="2018-12-11T14:03:31Z" finished-at="2018-12-11T14:04:19Z">
          <reporter-output>
          </reporter-output>
        </test-method> <!-- setUp -->
        <test-method status="PASS" signature="selectMultipleContactsTest()[pri:3, instance:com.crm.qa.testcases.ContactsPageTest@6a41eaa2]" name="selectMultipleContactsTest" duration-ms="316" started-at="2018-12-11T14:04:19Z" finished-at="2018-12-11T14:04:20Z">
          <reporter-output>
          </reporter-output>
        </test-method> <!-- selectMultipleContactsTest -->
        <test-method status="PASS" signature="tearDown()[pri:0, instance:com.crm.qa.testcases.ContactsPageTest@6a41eaa2]" name="tearDown" is-config="true" duration-ms="884" started-at="2018-12-11T14:04:20Z" finished-at="2018-12-11T14:04:21Z">
          <reporter-output>
          </reporter-output>
        </test-method> <!-- tearDown -->
        <test-method status="PASS" signature="setUp()[pri:0, instance:com.crm.qa.testcases.ContactsPageTest@6a41eaa2]" name="setUp" is-config="true" duration-ms="67987" started-at="2018-12-11T14:04:22Z" finished-at="2018-12-11T14:05:30Z">
          <reporter-output>
          </reporter-output>
        </test-method> <!-- setUp -->
        <test-method status="PASS" signature="validateCreateNewContact(java.lang.String, java.lang.String, java.lang.String, java.lang.String)[pri:4, instance:com.crm.qa.testcases.ContactsPageTest@6a41eaa2]" name="validateCreateNewContact" duration-ms="59033" started-at="2018-12-11T14:05:30Z" data-provider="getCRMTestData" finished-at="2018-12-11T14:06:29Z">
          <params>
            <param index="0">
              <value>
                <![CDATA[Mr.]]>
              </value>
            </param>
            <param index="1">
              <value>
                <![CDATA[Tom]]>
              </value>
            </param>
            <param index="2">
              <value>
                <![CDATA[Peter]]>
              </value>
            </param>
            <param index="3">
              <value>
                <![CDATA[Google]]>
              </value>
            </param>
          </params>
          <reporter-output>
          </reporter-output>
        </test-method> <!-- validateCreateNewContact -->
        <test-method status="PASS" signature="tearDown()[pri:0, instance:com.crm.qa.testcases.ContactsPageTest@6a41eaa2]" name="tearDown" is-config="true" duration-ms="812" started-at="2018-12-11T14:06:29Z" finished-at="2018-12-11T14:06:29Z">
          <reporter-output>
          </reporter-output>
        </test-method> <!-- tearDown -->
        <test-method status="PASS" signature="setUp()[pri:0, instance:com.crm.qa.testcases.ContactsPageTest@6a41eaa2]" name="setUp" is-config="true" duration-ms="58949" started-at="2018-12-11T14:06:29Z" finished-at="2018-12-11T14:07:28Z">
          <reporter-output>
          </reporter-output>
        </test-method> <!-- setUp -->
        <test-method status="FAIL" signature="validateCreateNewContact(java.lang.String, java.lang.String, java.lang.String, java.lang.String)[pri:4, instance:com.crm.qa.testcases.ContactsPageTest@6a41eaa2]" name="validateCreateNewContact" duration-ms="64549" started-at="2018-12-11T14:07:28Z" data-provider="getCRMTestData" finished-at="2018-12-11T14:08:33Z">
          <params>
            <param index="0">
              <value>
                <![CDATA[Dr. ]]>
              </value>
            </param>
            <param index="1">
              <value>
                <![CDATA[David]]>
              </value>
            </param>
            <param index="2">
              <value>
                <![CDATA[Billa]]>
              </value>
            </param>
            <param index="3">
              <value>
                <![CDATA[MS]]>
              </value>
            </param>
          </params>
          <exception class="org.openqa.selenium.NoSuchElementException">
            <message>
              <![CDATA[Cannot locate element with text: Dr. 
For documentation on this error, please visit: http://seleniumhq.org/exceptions/no_such_element.html
Build info: version: '3.14.0', revision: 'aacccce0', time: '2018-08-02T20:19:58.91Z'
System info: host: 'ADMIN', ip: '192.168.43.39', os.name: 'Windows 8.1', os.arch: 'amd64', os.version: '6.3', java.version: '1.8.0_131'
Driver info: driver.version: unknown]]>
            </message>
            <full-stacktrace>
              <![CDATA[org.openqa.selenium.NoSuchElementException: Cannot locate element with text: Dr. 
For documentation on this error, please visit: http://seleniumhq.org/exceptions/no_such_element.html
Build info: version: '3.14.0', revision: 'aacccce0', time: '2018-08-02T20:19:58.91Z'
System info: host: 'ADMIN', ip: '192.168.43.39', os.name: 'Windows 8.1', os.arch: 'amd64', os.version: '6.3', java.version: '1.8.0_131'
Driver info: driver.version: unknown
	at org.openqa.selenium.support.ui.Select.selectByVisibleText(Select.java:151)
	at com.crm.qa.pages.ContactsPage.crateNewContact(ContactsPage.java:48)
	at com.crm.qa.testcases.ContactsPageTest.validateCreateNewContact(ContactsPageTest.java:66)
	at sun.reflect.NativeMethodAccessorImpl.invoke0(Native Method)
	at sun.reflect.NativeMethodAccessorImpl.invoke(Unknown Source)
	at sun.reflect.DelegatingMethodAccessorImpl.invoke(Unknown Source)
	at java.lang.reflect.Method.invoke(Unknown Source)
	at org.testng.internal.MethodInvocationHelper.invokeMethod(MethodInvocationHelper.java:108)
	at org.testng.internal.Invoker.invokeMethod(Invoker.java:661)
	at org.testng.internal.Invoker.invokeTestMethod(Invoker.java:869)
	at org.testng.internal.Invoker.invokeTestMethods(Invoker.java:1193)
	at org.testng.internal.TestMethodWorker.invokeTestMethods(TestMethodWorker.java:126)
	at org.testng.internal.TestMethodWorker.run(TestMethodWorker.java:109)
	at org.testng.TestRunner.privateRun(TestRunner.java:744)
	at org.testng.TestRunner.run(TestRunner.java:602)
	at org.testng.SuiteRunner.runTest(SuiteRunner.java:380)
	at org.testng.SuiteRunner.runSequentially(SuiteRunner.java:375)
	at org.testng.SuiteRunner.privateRun(SuiteRunner.java:340)
	at org.testng.SuiteRunner.run(SuiteRunner.java:289)
	at org.testng.SuiteRunnerWorker.runSuite(SuiteRunnerWorker.java:52)
	at org.testng.SuiteRunnerWorker.run(SuiteRunnerWorker.java:86)
	at org.testng.TestNG.runSuitesSequentially(TestNG.java:1301)
	at org.testng.TestNG.runSuitesLocally(TestNG.java:1226)
	at org.testng.TestNG.runSuites(TestNG.java:1144)
	at org.testng.TestNG.run(TestNG.java:1115)
	at org.testng.remote.AbstractRemoteTestNG.run(AbstractRemoteTestNG.java:114)
	at org.testng.remote.RemoteTestNG.initAndRun(RemoteTestNG.java:251)
	at org.testng.remote.RemoteTestNG.main(RemoteTestNG.java:77)
]]>
            </full-stacktrace>
          </exception> <!-- org.openqa.selenium.NoSuchElementException -->
          <reporter-output>
          </reporter-output>
        </test-method> <!-- validateCreateNewContact -->
        <test-method status="PASS" signature="tearDown()[pri:0, instance:com.crm.qa.testcases.ContactsPageTest@6a41eaa2]" name="tearDown" is-config="true" duration-ms="814" started-at="2018-12-11T14:08:33Z" finished-at="2018-12-11T14:08:34Z">
          <reporter-output>
          </reporter-output>
        </test-method> <!-- tearDown -->
        <test-method status="PASS" signature="setUp()[pri:0, instance:com.crm.qa.testcases.ContactsPageTest@6a41eaa2]" name="setUp" is-config="true" duration-ms="47754" started-at="2018-12-11T14:08:34Z" finished-at="2018-12-11T14:09:22Z">
          <reporter-output>
          </reporter-output>
        </test-method> <!-- setUp -->
        <test-method status="PASS" signature="validateCreateNewContact(java.lang.String, java.lang.String, java.lang.String, java.lang.String)[pri:4, instance:com.crm.qa.testcases.ContactsPageTest@6a41eaa2]" name="validateCreateNewContact" duration-ms="16359" started-at="2018-12-11T14:09:22Z" data-provider="getCRMTestData" finished-at="2018-12-11T14:09:38Z">
          <params>
            <param index="0">
              <value>
                <![CDATA[Mrs.]]>
              </value>
            </param>
            <param index="1">
              <value>
                <![CDATA[Leela]]>
              </value>
            </param>
            <param index="2">
              <value>
                <![CDATA[Jeah]]>
              </value>
            </param>
            <param index="3">
              <value>
                <![CDATA[LM]]>
              </value>
            </param>
          </params>
          <reporter-output>
          </reporter-output>
        </test-method> <!-- validateCreateNewContact -->
        <test-method status="PASS" signature="tearDown()[pri:0, instance:com.crm.qa.testcases.ContactsPageTest@6a41eaa2]" name="tearDown" is-config="true" duration-ms="880" started-at="2018-12-11T14:09:38Z" finished-at="2018-12-11T14:09:39Z">
          <reporter-output>
          </reporter-output>
        </test-method> <!-- tearDown -->
      </class> <!-- com.crm.qa.testcases.ContactsPageTest -->
      <class name="com.crm.qa.testcases.LoginPageTest">
        <test-method status="PASS" signature="setUp()[pri:0, instance:com.crm.qa.testcases.LoginPageTest@6a4f787b]" name="setUp" is-config="true" duration-ms="35326" started-at="2018-12-11T13:56:17Z" finished-at="2018-12-11T13:56:53Z">
          <reporter-output>
          </reporter-output>
        </test-method> <!-- setUp -->
        <test-method status="PASS" signature="loginPageTitleTest()[pri:1, instance:com.crm.qa.testcases.LoginPageTest@6a4f787b]" name="loginPageTitleTest" duration-ms="55" started-at="2018-12-11T13:56:53Z" finished-at="2018-12-11T13:56:53Z">
          <reporter-output>
          </reporter-output>
        </test-method> <!-- loginPageTitleTest -->
        <test-method status="PASS" signature="tearDown()[pri:0, instance:com.crm.qa.testcases.LoginPageTest@6a4f787b]" name="tearDown" is-config="true" duration-ms="2575" started-at="2018-12-11T13:56:53Z" finished-at="2018-12-11T13:56:55Z">
          <reporter-output>
          </reporter-output>
        </test-method> <!-- tearDown -->
        <test-method status="PASS" signature="setUp()[pri:0, instance:com.crm.qa.testcases.LoginPageTest@6a4f787b]" name="setUp" is-config="true" duration-ms="23467" started-at="2018-12-11T13:59:18Z" finished-at="2018-12-11T13:59:41Z">
          <reporter-output>
          </reporter-output>
        </test-method> <!-- setUp -->
        <test-method status="PASS" signature="crmLogoImageTest()[pri:2, instance:com.crm.qa.testcases.LoginPageTest@6a4f787b]" name="crmLogoImageTest" duration-ms="71" started-at="2018-12-11T13:59:41Z" finished-at="2018-12-11T13:59:42Z">
          <reporter-output>
          </reporter-output>
        </test-method> <!-- crmLogoImageTest -->
        <test-method status="PASS" signature="tearDown()[pri:0, instance:com.crm.qa.testcases.LoginPageTest@6a4f787b]" name="tearDown" is-config="true" duration-ms="846" started-at="2018-12-11T13:59:42Z" finished-at="2018-12-11T13:59:42Z">
          <reporter-output>
          </reporter-output>
        </test-method> <!-- tearDown -->
        <test-method status="PASS" signature="setUp()[pri:0, instance:com.crm.qa.testcases.LoginPageTest@6a4f787b]" name="setUp" is-config="true" duration-ms="30383" started-at="2018-12-11T14:01:34Z" finished-at="2018-12-11T14:02:05Z">
          <reporter-output>
          </reporter-output>
        </test-method> <!-- setUp -->
        <test-method status="PASS" signature="loginTest()[pri:3, instance:com.crm.qa.testcases.LoginPageTest@6a4f787b]" name="loginTest" duration-ms="28472" started-at="2018-12-11T14:02:05Z" finished-at="2018-12-11T14:02:33Z">
          <reporter-output>
          </reporter-output>
        </test-method> <!-- loginTest -->
        <test-method status="PASS" signature="tearDown()[pri:0, instance:com.crm.qa.testcases.LoginPageTest@6a4f787b]" name="tearDown" is-config="true" duration-ms="854" started-at="2018-12-11T14:02:33Z" finished-at="2018-12-11T14:02:34Z">
          <reporter-output>
          </reporter-output>
        </test-method> <!-- tearDown -->
      </class> <!-- com.crm.qa.testcases.LoginPageTest -->
    </test> <!-- Free CRM App Test Cases -->
  </suite> <!-- Free CRM Application Test Automation Test Suite -->
</testng-results>
